<?xml version="1.0" encoding="UTF-8"?>
<!-- Generated by org.testng.reporters.JUnitReportReporter -->
<testsuite hostname="DESKTOP-EUH2O3V" failures="4" tests="5" name="runners.TestNGRunner" time="178.703" errors="0" timestamp="2024-01-18T19:33:13 IST" skipped="0">
  <testcase classname="runners.TestNGRunner" name="runScenario" time="31.511">
    <failure type="java.lang.AssertionError">
      <![CDATA[java.lang.AssertionError
at org.junit.Assert.fail(Assert.java:86)
at org.junit.Assert.assertTrue(Assert.java:41)
at org.junit.Assert.assertTrue(Assert.java:52)
at steps.ContactUsFormSteps.it_shoulld_diplayed_the_message(ContactUsFormSteps.java:118)
at ✽.It shoulld diplayed the message 'It is mandontary to fill the fields'(file:///C:/Users/DELL/eclipse-workspace/CucumberProject/RLLProjectCucumber/src/test/java/features/ContactUs.feature:15)
]]>
    </failure>
  </testcase> <!-- runScenario -->
  <system-out/>
  <testcase classname="runners.TestNGRunner" name="runScenario" time="31.390">
    <failure type="java.lang.AssertionError">
      <![CDATA[java.lang.AssertionError
at org.junit.Assert.fail(Assert.java:86)
at org.junit.Assert.assertTrue(Assert.java:41)
at org.junit.Assert.assertTrue(Assert.java:52)
at steps.ContactUsFormSteps.it_shoulld_diplayed_the_message(ContactUsFormSteps.java:118)
at ✽.It shoulld diplayed the message 'Please enter the valid email'(file:///C:/Users/DELL/eclipse-workspace/CucumberProject/RLLProjectCucumber/src/test/java/features/ContactUs.feature:15)
]]>
    </failure>
  </testcase> <!-- runScenario -->
  <system-out/>
  <testcase classname="runners.TestNGRunner" name="runScenario" time="49.280"/>
  <system-out/>
  <testcase classname="runners.TestNGRunner" name="runScenario" time="35.067">
    <failure type="java.lang.AssertionError">
      <![CDATA[java.lang.AssertionError
at org.junit.Assert.fail(Assert.java:86)
at org.junit.Assert.assertTrue(Assert.java:41)
at org.junit.Assert.assertTrue(Assert.java:52)
at steps.ContactUsFormSteps.it_shoulld_diplayed_the_message(ContactUsFormSteps.java:118)
at ✽.It shoulld diplayed the message 'Please Enter the valid number format'(file:///C:/Users/DELL/eclipse-workspace/CucumberProject/RLLProjectCucumber/src/test/java/features/ContactUs.feature:15)
]]>
    </failure>
  </testcase> <!-- runScenario -->
  <system-out/>
  <testcase classname="runners.TestNGRunner" name="runScenario" time="31.455">
    <failure type="java.lang.AssertionError">
      <![CDATA[java.lang.AssertionError
at org.junit.Assert.fail(Assert.java:86)
at org.junit.Assert.assertTrue(Assert.java:41)
at org.junit.Assert.assertTrue(Assert.java:52)
at steps.ContactUsFormSteps.it_shoulld_diplayed_the_message(ContactUsFormSteps.java:118)
at ✽.It shoulld diplayed the message 'Please enter the valid name'(file:///C:/Users/DELL/eclipse-workspace/CucumberProject/RLLProjectCucumber/src/test/java/features/ContactUs.feature:15)
]]>
    </failure>
  </testcase> <!-- runScenario -->
  <system-out/>
</testsuite> <!-- runners.TestNGRunner -->
